info it worked if it ends with ok
verbose cli [ 'node', '/usr/local/bin/npm', 'publish' ]
info using npm@1.1.12
info using node@v0.6.14
verbose config file /home/foxyboy/.npmrc
verbose config file /usr/local/etc/npmrc
verbose config file /usr/local/lib/node_modules/npm/npmrc
verbose publish [ '.' ]
verbose caching /home/foxyboy/Desktop/c505/node/uinexpress/package.json
verbose loadDefaults uinexpress@0.0.1
info prepublish uinexpress@0.0.1
verbose cache add [ '.', null ]
silly cache add: name, spec, args [ undefined, '.', [ '.', null ] ]
verbose parsed url { pathname: '.', path: '.', href: '.' }
verbose caching package.json
verbose loadDefaults uinexpress@0.0.1
verbose pack /home/foxyboy/Desktop/c505/node/uinexpress
verbose pack /home/foxyboy/Desktop/c505/node/uinexpress /tmp/npm-1338072512266/1338072512266-0.3062902963720262/tmp.tgz
silly makeList /home/foxyboy/Desktop/c505/node/uinexpress
verbose doing fancy crap /home/foxyboy/Desktop/c505/node/uinexpress/node_modules
silly dir, dirLen [ '/home/foxyboy/Desktop/c505/node/uinexpress', 43 ]
verbose tarball /tmp/npm-1338072512266/1338072512266-0.3062902963720262/tmp.tgz
verbose parent /home/foxyboy/Desktop/c505/node/uinexpress
verbose mkdir (expected) error ENOENT, stat '/tmp/npm-1338072512266/1338072512266-0.3062902963720262/package'
verbose mkdir done: /tmp/npm-1338072512266/1338072512266-0.3062902963720262/package 755
verbose unpack_ uid, gid [ undefined, undefined ]
verbose unpackTarget /tmp/npm-1338072512266/1338072512266-0.3062902963720262/package
silly gunzTarPerm modes [ '755', '644' ]
silly modified mode [ 'readme.md', 436, 420 ]
silly modified mode [ 'lib/', 509, 493 ]
silly modified mode [ 'lib/uexpress.js', 436, 420 ]
verbose gunzed /tmp/npm-1338072512266/1338072512266-0.3062902963720262/package
verbose caching /tmp/npm-1338072512266/1338072512266-0.3062902963720262/package/package.json
verbose loadDefaults uinexpress@0.0.1
verbose tarball contents [ 'package', 'tmp.tgz' ]
verbose from cache /tmp/npm-1338072512266/1338072512266-0.3062902963720262/package/package.json
verbose pack /tmp/npm-1338072512266/1338072512266-0.3062902963720262/package
verbose pack /tmp/npm-1338072512266/1338072512266-0.3062902963720262/package /home/foxyboy/.npm/uinexpress/0.0.1/package.tgz
silly makeList /tmp/npm-1338072512266/1338072512266-0.3062902963720262/package
silly dir, dirLen [ '/tmp/npm-1338072512266/1338072512266-0.3062902963720262/package',
silly dir, dirLen   64 ]
verbose tarball /home/foxyboy/.npm/uinexpress/0.0.1/package.tgz
verbose parent /tmp/npm-1338072512266/1338072512266-0.3062902963720262/package
verbose mkdir (expected) error ENOENT, stat '/home/foxyboy/.npm/uinexpress/0.0.1/package'
verbose mkdir done: /home/foxyboy/.npm/uinexpress/0.0.1/package 755
verbose unpack_ uid, gid [ undefined, undefined ]
verbose unpackTarget /home/foxyboy/.npm/uinexpress/0.0.1/package
silly gunzTarPerm modes [ '755', '644' ]
verbose gunzed /home/foxyboy/.npm/uinexpress/0.0.1/package
verbose caching /home/foxyboy/.npm/uinexpress/0.0.1/package/package.json
verbose loadDefaults uinexpress@0.0.1
silly updated sha bytes 1576
info shasum 5cb45601bb80d70c016f9ffda4e0d763cbf3ac2f
info shasum /home/foxyboy/.npm/uinexpress/0.0.1/package.tgz
verbose from cache /home/foxyboy/.npm/uinexpress/0.0.1/package/package.json
verbose chmod /home/foxyboy/.npm/uinexpress/0.0.1/package.tgz 644
verbose chown [ '/home/foxyboy/.npm/uinexpress/0.0.1/package.tgz', 1000, 1000 ]
silly publish { name: 'uinexpress',
silly publish   description: 'Enables underscore templates in express 2 and 3. By Harald Rudell.',
silly publish   author: { name: 'Harald Rudell', email: 'harald@allgoodapps.com' },
silly publish   version: '0.0.1',
silly publish   contributors: 
silly publish    [ { name: 'Harald Rudell',
silly publish        email: 'harald@allgoodapps.com',
silly publish        url: 'http://blog.haraldrudell.com' } ],
silly publish   repository: 
silly publish    { type: 'git',
silly publish      url: 'git://github.com/haraldrudell/uinexpress.git' },
silly publish   dependencies: { underscore: '' },
silly publish   main: './lib/uexpress',
silly publish   _npmUser: { name: 'haraldrudell', email: 'harald@therudells.com' },
silly publish   _id: 'uinexpress@0.0.1',
silly publish   devDependencies: {},
silly publish   optionalDependencies: {},
silly publish   engines: { node: '*' },
silly publish   _engineSupported: true,
silly publish   _npmVersion: '1.1.12',
silly publish   _nodeVersion: 'v0.6.14',
silly publish   _defaultsLoaded: true,
silly publish   dist: 
silly publish    { shasum: '5cb45601bb80d70c016f9ffda4e0d763cbf3ac2f',
silly publish      tarball: 'http://registry.npmjs.org/uinexpress/-/uinexpress-0.0.1.tgz' } }
verbose raw, before any munging uinexpress
verbose url resolving [ 'https://registry.npmjs.org/', './uinexpress' ]
verbose url resolved https://registry.npmjs.org/uinexpress
http PUT https://registry.npmjs.org/uinexpress
http 409 https://registry.npmjs.org/uinexpress
verbose raw, before any munging uinexpress
verbose url resolving [ 'https://registry.npmjs.org/', './uinexpress' ]
verbose url resolved https://registry.npmjs.org/uinexpress
http GET https://registry.npmjs.org/uinexpress
http 200 https://registry.npmjs.org/uinexpress
info Already published uinexpress@0.0.1
verbose uploading bin dists []
ERR! publish fail Cannot publish over existing version.
ERR! publish fail Bump the 'version' field, set the --force flag, or
ERR! publish fail     npm unpublish 'uinexpress@0.0.1'
ERR! publish fail and try again
ERR! 
ERR! System Linux 3.0.0-20-generic
ERR! command "node" "/usr/local/bin/npm" "publish"
ERR! cwd /home/foxyboy/Desktop/c505/node/uinexpress
ERR! node -v v0.6.14
ERR! npm -v 1.1.12
ERR! code EPUBLISHCONFLICT
ERR! message publish fail
ERR! errno {}
verbose exit [ 1, true ]
